<?xml version="1.0" encoding="UTF-8"?>
<testsuite xmlns:xsi="http://www.w3.org/2001/XMLSchema-instance" xsi:noNamespaceSchemaLocation="https://maven.apache.org/surefire/maven-surefire-plugin/xsd/surefire-test-report-3.0.xsd" version="3.0" name="com.examly.springapp.SpringappApplicationTests" time="3.215" tests="62" errors="0" skipped="0" failures="0">
  <properties>
[...]
</properties>
  <testcase name="Day3_test_Controller_Directory_Exists" classname="com.examly.springapp.SpringappApplicationTests" time="0.118">
    <system-out><![CDATA[15:57:57.371 [main] DEBUG org.springframework.boot.test.context.SpringBootTestContextBootstrapper - Neither @ContextConfiguration nor @ContextHierarchy found for test class [SpringappApplicationTests]: using SpringBootContextLoader
15:57:57.374 [main] DEBUG org.springframework.test.context.support.AbstractContextLoader - Could not detect default resource locations for test class [com.examly.springapp.SpringappApplicationTests]: no resource found for suffixes {-context.xml, Context.groovy}.
15:57:57.375 [main] INFO org.springframework.test.context.support.AnnotationConfigContextLoaderUtils - Could not detect default configuration classes for test class [com.examly.springapp.SpringappApplicationTests]: SpringappApplicationTests does not declare any static, non-private, non-final, nested classes annotated with @Configuration.
15:57:57.406 [main] DEBUG org.springframework.boot.test.context.SpringBootTestContextBootstrapper - Using ContextCustomizers for test class [SpringappApplicationTests]: [ImportsContextCustomizer, ExcludeFilterContextCustomizer, DuplicateJsonObjectContextCustomizer, MockitoContextCustomizer, TestRestTemplateContextCustomizer, DisableObservabilityContextCustomizer, PropertyMappingContextCustomizer, Customizer]
15:57:57.453 [main] DEBUG org.springframework.context.annotation.ClassPathScanningCandidateComponentProvider - Identified candidate component class: file [/home/coder/project/workspace/springapp/target/classes/com/examly/springapp/SpringappApplication.class]
15:57:57.453 [main] INFO org.springframework.boot.test.context.SpringBootTestContextBootstrapper - Found @SpringBootConfiguration com.examly.springapp.SpringappApplication for test class com.examly.springapp.SpringappApplicationTests
15:57:57.513 [main] DEBUG org.springframework.boot.test.context.SpringBootTestContextBootstrapper - Using TestExecutionListeners for test class [SpringappApplicationTests]: [ServletTestExecutionListener, DirtiesContextBeforeModesTestExecutionListener, ApplicationEventsTestExecutionListener, MockitoTestExecutionListener, DependencyInjectionTestExecutionListener, DirtiesContextTestExecutionListener, TransactionalTestExecutionListener, SqlScriptsTestExecutionListener, EventPublishingTestExecutionListener, ResetMocksTestExecutionListener, RestDocsTestExecutionListener, MockRestServiceServerResetTestExecutionListener, MockMvcPrintOnlyOnFailureTestExecutionListener, WebDriverTestExecutionListener, MockWebServiceServerTestExecutionListener]
15:57:57.513 [main] DEBUG org.springframework.test.context.support.AbstractDirtiesContextTestExecutionListener - Before test class: class [SpringappApplicationTests], class annotated with @DirtiesContext [false] with mode [null]

  .   ____          _            __ _ _
 /\\ / ___'_ __ _ _(_)_ __  __ _ \ \ \ \
( ( )\___ | '_ | '_| | '_ \/ _` | \ \ \ \
 \\/  ___)| |_)| | | | | || (_| |  ) ) ) )
  '  |____| .__|_| |_|_| |_\__, | / / / /
 =========|_|==============|___/=/_/_/_/
 :: Spring Boot ::                (v3.0.1)

2025-12-26T15:57:57.732Z  INFO 1309 --- [           main] c.e.springapp.SpringappApplicationTests  : Starting SpringappApplicationTests using Java 17.0.17 with PID 1309 (started by coder in /home/coder/project/workspace/springapp)
2025-12-26T15:57:57.733Z  INFO 1309 --- [           main] c.e.springapp.SpringappApplicationTests  : No active profile set, falling back to 1 default profile: "default"
2025-12-26T15:57:58.151Z  INFO 1309 --- [           main] .s.d.r.c.RepositoryConfigurationDelegate : Bootstrapping Spring Data JPA repositories in DEFAULT mode.
2025-12-26T15:57:58.166Z  INFO 1309 --- [           main] .s.d.r.c.RepositoryConfigurationDelegate : Finished Spring Data repository scanning in 9 ms. Found 0 JPA repository interfaces.
2025-12-26T15:57:58.544Z  INFO 1309 --- [           main] o.hibernate.jpa.internal.util.LogHelper  : HHH000204: Processing PersistenceUnitInfo [name: default]
2025-12-26T15:57:58.570Z  INFO 1309 --- [           main] org.hibernate.Version                    : HHH000412: Hibernate ORM core version 6.1.6.Final
2025-12-26T15:57:58.666Z  WARN 1309 --- [           main] org.hibernate.orm.deprecation            : HHH90000021: Encountered deprecated setting [javax.persistence.sharedCache.mode], use [jakarta.persistence.sharedCache.mode] instead
2025-12-26T15:57:58.742Z  INFO 1309 --- [           main] com.zaxxer.hikari.HikariDataSource       : HikariPool-1 - Starting...
2025-12-26T15:57:58.851Z  INFO 1309 --- [           main] com.zaxxer.hikari.pool.HikariPool        : HikariPool-1 - Added connection com.mysql.cj.jdbc.ConnectionImpl@5b742bc8
2025-12-26T15:57:58.852Z  INFO 1309 --- [           main] com.zaxxer.hikari.HikariDataSource       : HikariPool-1 - Start completed.
2025-12-26T15:57:58.864Z  INFO 1309 --- [           main] SQL dialect                              : HHH000400: Using dialect: org.hibernate.dialect.MySQL8Dialect
2025-12-26T15:57:58.864Z  WARN 1309 --- [           main] org.hibernate.orm.deprecation            : HHH90000026: MySQL8Dialect has been deprecated; use org.hibernate.dialect.MySQLDialect instead
Hibernate: alter table loan drop foreign key FK50recjups85deas6l1plubx4x
Hibernate: alter table loan drop foreign key FK4ygqrmm3hi3rv0x0q8pd7j8js
Hibernate: drop table if exists customer
Hibernate: drop table if exists customer_seq
Hibernate: drop table if exists guarantor
Hibernate: drop table if exists guarantor_seq
Hibernate: drop table if exists loan
Hibernate: drop table if exists loan_seq
Hibernate: drop table if exists loan_type_seq
Hibernate: drop table if exists loan_type
Hibernate: drop table if exists payment
Hibernate: drop table if exists payment_seq
Hibernate: create table customer (customer_id integer not null, address varchar(255), credit_score float(53) not null, customer_name varchar(255), email varchar(255), phone_number varchar(255), primary key (customer_id)) engine=InnoDB
Hibernate: create table customer_seq (next_val bigint) engine=InnoDB
Hibernate: insert into customer_seq values ( 1 )
Hibernate: create table guarantor (guarantor_id integer not null, primary key (guarantor_id)) engine=InnoDB
Hibernate: create table guarantor_seq (next_val bigint) engine=InnoDB
Hibernate: insert into guarantor_seq values ( 1 )
Hibernate: create table loan (loan_id integer not null, interest_rate float(53) not null, loan_amount float(53) not null, status varchar(255), tenure_months integer not null, customer_customer_id integer, loan_type_loan_type_id integer, primary key (loan_id)) engine=InnoDB
Hibernate: create table loan_seq (next_val bigint) engine=InnoDB
Hibernate: insert into loan_seq values ( 1 )
Hibernate: create table loan_type_seq (next_val bigint) engine=InnoDB
Hibernate: insert into loan_type_seq values ( 1 )
Hibernate: create table loan_type (loan_type_id integer not null, description varchar(255), interest_rate float(53) not null, type_name varchar(255), primary key (loan_type_id)) engine=InnoDB
Hibernate: create table payment (payment_id integer not null, primary key (payment_id)) engine=InnoDB
Hibernate: create table payment_seq (next_val bigint) engine=InnoDB
Hibernate: insert into payment_seq values ( 1 )
Hibernate: alter table loan add constraint FK50recjups85deas6l1plubx4x foreign key (customer_customer_id) references customer (customer_id)
Hibernate: alter table loan add constraint FK4ygqrmm3hi3rv0x0q8pd7j8js foreign key (loan_type_loan_type_id) references loan_type (loan_type_id)
2025-12-26T15:57:59.611Z  INFO 1309 --- [           main] o.h.e.t.j.p.i.JtaPlatformInitiator       : HHH000490: Using JtaPlatform implementation: [org.hibernate.engine.transaction.jta.platform.internal.NoJtaPlatform]
2025-12-26T15:57:59.617Z  INFO 1309 --- [           main] j.LocalContainerEntityManagerFactoryBean : Initialized JPA EntityManagerFactory for persistence unit 'default'
2025-12-26T15:57:59.757Z  WARN 1309 --- [           main] JpaBaseConfiguration$JpaWebConfiguration : spring.jpa.open-in-view is enabled by default. Therefore, database queries may be performed during view rendering. Explicitly configure spring.jpa.open-in-view to disable this warning
2025-12-26T15:58:00.016Z  INFO 1309 --- [           main] o.s.b.t.m.w.SpringBootMockServletContext : Initializing Spring TestDispatcherServlet ''
2025-12-26T15:58:00.016Z  INFO 1309 --- [           main] o.s.t.web.servlet.TestDispatcherServlet  : Initializing Servlet ''
2025-12-26T15:58:00.019Z  INFO 1309 --- [           main] o.s.t.web.servlet.TestDispatcherServlet  : Completed initialization in 1 ms
2025-12-26T15:58:00.034Z  INFO 1309 --- [           main] c.e.springapp.SpringappApplicationTests  : Started SpringappApplicationTests in 2.496 seconds (process running for 3.165)
]]></system-out>
  </testcase>
  <testcase name="Day3_test_Model_Directory_Exists" classname="com.examly.springapp.SpringappApplicationTests" time="0.002"/>
  <testcase name="Day3_test_Service_Directory_Exists" classname="com.examly.springapp.SpringappApplicationTests" time="0.002"/>
  <testcase name="Day3_test_Repository_Directory_Exists" classname="com.examly.springapp.SpringappApplicationTests" time="0.002"/>
  <testcase name="Day4_test_CustomerModel_File_Exists" classname="com.examly.springapp.SpringappApplicationTests" time="0.001"/>
  <testcase name="Day4_test_LoanTypeModel_File_Exists" classname="com.examly.springapp.SpringappApplicationTests" time="0.001"/>
  <testcase name="Day4_test_Loan_File_Exists" classname="com.examly.springapp.SpringappApplicationTests" time="0.001"/>
  <testcase name="Day4_test_Payment_File_Exists" classname="com.examly.springapp.SpringappApplicationTests" time="0.002"/>
  <testcase name="Day4_test_Guarantor_File_Exists" classname="com.examly.springapp.SpringappApplicationTests" time="0.002"/>
  <testcase name="Day4_test_Loan_Has_Entity_Annotation" classname="com.examly.springapp.SpringappApplicationTests" time="0.002"/>
  <testcase name="test_Loan_Has_Id_Annotation_On_Field" classname="com.examly.springapp.SpringappApplicationTests" time="0.002"/>
  <testcase name="Day5_testCustomerRepo_File_Exists" classname="com.examly.springapp.SpringappApplicationTests" time="0.002"/>
  <testcase name="Day5_testLoanTypeRepo_File_Exists" classname="com.examly.springapp.SpringappApplicationTests" time="0.002"/>
  <testcase name="Day5_testLoanRepo_File_Exists" classname="com.examly.springapp.SpringappApplicationTests" time="0.002"/>
  <testcase name="Day5_testGuarantorRepo_File_Exists" classname="com.examly.springapp.SpringappApplicationTests" time="0.002"/>
  <testcase name="Day5_test_LoanRepo_Has_Repository_Annotation" classname="com.examly.springapp.SpringappApplicationTests" time="0.002"/>
  <testcase name="Day5_test_CustomerRepo_Has_Repository_Annotation" classname="com.examly.springapp.SpringappApplicationTests" time="0.002"/>
  <testcase name="Day5_test_GuarantorRepo_Has_Repository_Annotation" classname="com.examly.springapp.SpringappApplicationTests" time="0.001"/>
  <testcase name="Day6_test_CustomerController_File_Exists" classname="com.examly.springapp.SpringappApplicationTests" time="0.001"/>
  <testcase name="Day6_test_LoanController_Has_RestController_Annotation" classname="com.examly.springapp.SpringappApplicationTests" time="0.001"/>
  <testcase name="Day6_test_CustomerController_Has_PostMapping" classname="com.examly.springapp.SpringappApplicationTests" time="0.001"/>
  <testcase name="Day6_test_CustomerController_Has_GetMapping" classname="com.examly.springapp.SpringappApplicationTests" time="0.002"/>
  <testcase name="Day6_test_CustomerController_Has_PutMapping" classname="com.examly.springapp.SpringappApplicationTests" time="0.002"/>
  <testcase name="Day6_test_CustomerController_Has_DeleteMapping" classname="com.examly.springapp.SpringappApplicationTests" time="0.002"/>
  <testcase name="Day6_testCreateCustomer_NoBody_StatusBadRequest" classname="com.examly.springapp.SpringappApplicationTests" time="0.089"/>
  <testcase name="Day7_test_CustomerController_Has_RequestMapping" classname="com.examly.springapp.SpringappApplicationTests" time="0.001"/>
  <testcase name="Day7_test_CustomerController_Has_PathVariable" classname="com.examly.springapp.SpringappApplicationTests" time="0.002"/>
  <testcase name="Day7_test_LoanController_Has_RequestMapping" classname="com.examly.springapp.SpringappApplicationTests" time="0.001"/>
  <testcase name="Day7_test_LoanTypeController_Has_RequestMapping" classname="com.examly.springapp.SpringappApplicationTests" time="0.001"/>
  <testcase name="Day7_test_LoanController_Has_PathVariable" classname="com.examly.springapp.SpringappApplicationTests" time="0.001"/>
  <testcase name="Day7_test_LoanTypeController_Has_PathVariable" classname="com.examly.springapp.SpringappApplicationTests" time="0.001"/>
  <testcase name="Day7_test_PaymentController_Has_RequestMapping" classname="com.examly.springapp.SpringappApplicationTests" time="0.002"/>
  <testcase name="Day8_test_CustomerService_File_Exists" classname="com.examly.springapp.SpringappApplicationTests" time="0.002"/>
  <testcase name="Day8_test_LoanTypeService_File_Exists" classname="com.examly.springapp.SpringappApplicationTests" time="0.001"/>
  <testcase name="Day8_test_LoanService_File_Exists" classname="com.examly.springapp.SpringappApplicationTests" time="0.001"/>
  <testcase name="Day8_testAddCustomer" classname="com.examly.springapp.SpringappApplicationTests" time="0.044"/>
  <testcase name="Day8_testGetAllCustomers" classname="com.examly.springapp.SpringappApplicationTests" time="0.006"/>
  <testcase name="Day8_testGetCustomerById" classname="com.examly.springapp.SpringappApplicationTests" time="0.003"/>
  <testcase name="Day8_testUpdateCustomer" classname="com.examly.springapp.SpringappApplicationTests" time="0.004"/>
  <testcase name="Day9_testPagination_PageNumberApplied" classname="com.examly.springapp.SpringappApplicationTests" time="0.013"/>
  <testcase name="Day9_testPagination_PageSizeApplied" classname="com.examly.springapp.SpringappApplicationTests" time="0.003"/>
  <testcase name="Day9_testPagination_SortingPresent" classname="com.examly.springapp.SpringappApplicationTests" time="0.004"/>
  <testcase name="Day9_testPagination_ContentArrayExists" classname="com.examly.springapp.SpringappApplicationTests" time="0.003"/>
  <testcase name="Day9_testPagination_TotalElementsExists" classname="com.examly.springapp.SpringappApplicationTests" time="0.002"/>
  <testcase name="Day9_testPagination_TotalPagesExists" classname="com.examly.springapp.SpringappApplicationTests" time="0.002"/>
  <testcase name="Day10_testAddLoanType" classname="com.examly.springapp.SpringappApplicationTests" time="0.005"/>
  <testcase name="Day10_testGetAllLoanTypes" classname="com.examly.springapp.SpringappApplicationTests" time="0.003"/>
  <testcase name="Day10_testUpdateLoanType" classname="com.examly.springapp.SpringappApplicationTests" time="0.003"/>
  <testcase name="Day10_testAddLoan" classname="com.examly.springapp.SpringappApplicationTests" time="0.005"/>
  <testcase name="Day10_testGetAllLoans" classname="com.examly.springapp.SpringappApplicationTests" time="0.003"/>
  <testcase name="Day10_testGetLoanById" classname="com.examly.springapp.SpringappApplicationTests" time="0.003"/>
  <testcase name="Day10_testUpdateLoan" classname="com.examly.springapp.SpringappApplicationTests" time="0.003"/>
  <testcase name="Day11_testGetLoansByStatus" classname="com.examly.springapp.SpringappApplicationTests" time="0.006"/>
  <testcase name="Day12_testGetCustomerByEmail" classname="com.examly.springapp.SpringappApplicationTests" time="0.015"/>
  <testcase name="Day12_testGetCustomersByCreditScore" classname="com.examly.springapp.SpringappApplicationTests" time="0.003"/>
  <testcase name="Day12_testGetLoansByStatus_NotFound" classname="com.examly.springapp.SpringappApplicationTests" time="0.003"/>
  <testcase name="Day12_testGetCustomersByCreditScore_NotFound" classname="com.examly.springapp.SpringappApplicationTests" time="0.003"/>
  <testcase name="Day12_testGetCustomerByEmail_NotFound" classname="com.examly.springapp.SpringappApplicationTests" time="0.004"/>
  <testcase name="Day13_test_exception_Directory_Exists" classname="com.examly.springapp.SpringappApplicationTests" time="0.001"/>
  <testcase name="Day13_test_GlobalException_File_Exists" classname="com.examly.springapp.SpringappApplicationTests" time="0.001"/>
  <testcase name="Day14_test_configuration_Directory_Exists" classname="com.examly.springapp.SpringappApplicationTests" time="0.002"/>
  <testcase name="Day15_testAOPLogFileExists" classname="com.examly.springapp.SpringappApplicationTests" time="0.001"/>
</testsuite>